Arguments: 
  /home/daniel/.nvm/versions/node/v16.17.0/bin/node /mnt/c/Users/Daniel/AppData/Roaming/npm/node_modules/yarn/bin/yarn.js add -D @types/gps-to-gpx

PATH: 
  /home/daniel/.vscode-server/bin/6261075646f055b99068d3688932416f2346dd3b/bin/remote-cli:/home/daniel/.nvm/versions/node/v16.17.0/bin:/usr/local/sbin:/usr/local/bin:/usr/sbin:/usr/bin:/sbin:/bin:/usr/games:/usr/local/games:/mnt/c/Python310/Scripts/:/mnt/c/Python310/:/mnt/c/Program Files (x86)/Common Files/Oracle/Java/javapath:/mnt/c/Windows/system32:/mnt/c/Windows:/mnt/c/Windows/System32/Wbem:/mnt/c/Windows/System32/WindowsPowerShell/v1.0/:/mnt/c/Windows/System32/OpenSSH/:/mnt/c/Program Files/NVIDIA Corporation/NVIDIA NvDLISR:/mnt/c/Program Files/Microsoft VS Code/bin:/mnt/c/Program Files/dotnet/:/mnt/c/Program Files (x86)/VDesk:/mnt/c/Program Files (x86)/NVIDIA Corporation/PhysX/Common:/mnt/c/Program Files/Docker/Docker/resources/bin:/mnt/c/ProgramData/DockerDesktop/version-bin:/mnt/c/Program Files/Git/cmd:/mnt/c/Program Files (x86)/ZeroTier/One/:/mnt/c/Program Files/nodejs/:/mnt/c/ProgramData/chocolatey/bin:/mnt/c/Program Files/GitHub CLI/:/mnt/c/Users/Daniel/AppData/Local/Microsoft/WindowsApps:/mnt/c/Users/Daniel/.dotnet/tools:/mnt/c/Users/Daniel/AppData/Roaming/npm:/mnt/c/Users/Daniel/AppData/Local/GitHubDesktop/bin:/mnt/c/Program Files/Tools:/mnt/c/Users/Daniel/AppData/Local/Programs/Rancher Desktop/resources/resources/win32/bin:/mnt/c/Users/Daniel/AppData/Local/Programs/Rancher Desktop/resources/resources/linux/bin:/snap/bin

Yarn version: 
  1.22.18

Node version: 
  16.17.0

Platform: 
  linux x64

Trace: 
  Error: https://registry.yarnpkg.com/@types%2fgps-to-gpx: Not found
      at Request.params.callback [as _callback] (/mnt/c/Users/Daniel/AppData/Roaming/npm/node_modules/yarn/lib/cli.js:66138:18)
      at Request.self.callback (/mnt/c/Users/Daniel/AppData/Roaming/npm/node_modules/yarn/lib/cli.js:140883:22)
      at Request.emit (node:events:513:28)
      at Request.<anonymous> (/mnt/c/Users/Daniel/AppData/Roaming/npm/node_modules/yarn/lib/cli.js:141855:10)
      at Request.emit (node:events:513:28)
      at IncomingMessage.<anonymous> (/mnt/c/Users/Daniel/AppData/Roaming/npm/node_modules/yarn/lib/cli.js:141777:12)
      at Object.onceWrapper (node:events:627:28)
      at IncomingMessage.emit (node:events:525:35)
      at endReadableNT (node:internal/streams/readable:1358:12)
      at processTicksAndRejections (node:internal/process/task_queues:83:21)

npm manifest: 
  {
    "dependencies": {
      "gps-to-gpx": "^1.5.1"
    },
    "devDependencies": {
      "typescript": "^4.9.4"
    }
  }

yarn manifest: 
  No manifest

Lockfile: 
  # THIS IS AN AUTOGENERATED FILE. DO NOT EDIT THIS FILE DIRECTLY.
  # yarn lockfile v1
  
  
  babel-runtime@6.18.0:
    version "6.18.0"
    resolved "https://registry.yarnpkg.com/babel-runtime/-/babel-runtime-6.18.0.tgz#0f4177ffd98492ef13b9f823e9994a02584c9078"
    integrity sha512-v7NCdzdD8DkDNmZfX4ZhOD9C573rbGnYtuxR1hKPPMf9eYNiopXXr9DnZ2KkiX5SO+mHAX2w815Piphb9UidZQ==
    dependencies:
      core-js "^2.4.0"
      regenerator-runtime "^0.9.5"
  
  core-js@^2.4.0:
    version "2.6.12"
    resolved "https://registry.yarnpkg.com/core-js/-/core-js-2.6.12.tgz#d9333dfa7b065e347cc5682219d6f690859cc2ec"
    integrity sha512-Kb2wC0fvsWfQrgk8HU5lW6U/Lcs8+9aaYcy4ZFc6DDlo4nZ7n70dEgE5rtR0oG6ufKDUnrwfWL1mXR5ljDatrQ==
  
  gps-to-gpx@^1.5.1:
    version "1.5.1"
    resolved "https://registry.yarnpkg.com/gps-to-gpx/-/gps-to-gpx-1.5.1.tgz#f7abe48d0addc67548438d0fd63ab7d143efe49e"
    integrity sha512-RFvVy+d+e+9LQjMe+ALslF224t0wF4Cwkf3E5EhiMTEfpEIXFWZSA8p/euTAuxxRsk83RCjcLAHBVmzqnn4fXA==
    dependencies:
      babel-runtime "6.18.0"
      loose-envify "1.3.0"
      xmlbuilder "8.2.2"
  
  js-tokens@^2.0.0:
    version "2.0.0"
    resolved "https://registry.yarnpkg.com/js-tokens/-/js-tokens-2.0.0.tgz#79903f5563ee778cc1162e6dcf1a0027c97f9cb5"
    integrity sha512-kk4RjoztHFeAlCNPdTr/uF04oN5z53L18LJfADBQ7YHkO3iR2rP2ZwOH0n33r2FRw0psRmjTDEkOWPE//zmujg==
  
  loose-envify@1.3.0:
    version "1.3.0"
    resolved "https://registry.yarnpkg.com/loose-envify/-/loose-envify-1.3.0.tgz#6b26248c42f6d4fa4b0d8542f78edfcde35642a8"
    integrity sha512-500ib3eg2h+w0xlKA5mcW1BxpB5EzgfK04rocSxP7JXnOHHAYD68iqObXKPyKvFmkdJT0ptUmm2IOyFSPtrCQg==
    dependencies:
      js-tokens "^2.0.0"
  
  regenerator-runtime@^0.9.5:
    version "0.9.6"
    resolved "https://registry.yarnpkg.com/regenerator-runtime/-/regenerator-runtime-0.9.6.tgz#d33eb95d0d2001a4be39659707c51b0cb71ce029"
    integrity sha512-D0Y/JJ4VhusyMOd/o25a3jdUqN/bC85EFsaoL9Oqmy/O4efCh+xhp7yj2EEOsj974qvMkcW8AwUzJ1jB/MbxCw==
  
  typescript@^4.9.4:
    version "4.9.4"
    resolved "https://registry.yarnpkg.com/typescript/-/typescript-4.9.4.tgz#a2a3d2756c079abda241d75f149df9d561091e78"
    integrity sha512-Uz+dTXYzxXXbsFpM86Wh3dKCxrQqUcVMxwU54orwlJjOpO3ao8L7j5lH+dWfTwgCwIuM9GQ2kvVotzYJMXTBZg==
  
  xmlbuilder@8.2.2:
    version "8.2.2"
    resolved "https://registry.yarnpkg.com/xmlbuilder/-/xmlbuilder-8.2.2.tgz#69248673410b4ba42e1a6136551d2922335aa773"
    integrity sha512-eKRAFz04jghooy8muekqzo8uCSVNeyRedbuJrp0fovbLIi7wlsYtdUn3vBAAPq2Y3/0xMz2WMEUQ8yhVVO9Stw==
